{
  "RSpec": {
    "coverage": {
      "/Users/Jacob/Code/TaklGarageFun/spec/rails_helper.rb": [
        null,
        1,
        1,
        null,
        1,
        1,
        1,
        1,
        null,
        null,
        null,
        null,
        null,
        null,
        null,
        null,
        null,
        null,
        null,
        null,
        null,
        null,
        null,
        7,
        null,
        null,
        null,
        1,
        null,
        1,
        null,
        1,
        1,
        null,
        null,
        null,
        null,
        1,
        1,
        1,
        null,
        null,
        null,
        null,
        null,
        null,
        null,
        null,
        null,
        null,
        null,
        null,
        null,
        null,
        1,
        null,
        null,
        1,
        null,
        null,
        null
      ],
      "/Users/Jacob/Code/TaklGarageFun/config/environment.rb": [
        null,
        1,
        null,
        null,
        1
      ],
      "/Users/Jacob/Code/TaklGarageFun/config/application.rb": [
        1,
        null,
        1,
        null,
        null,
        null,
        1,
        null,
        1,
        1,
        null,
        1,
        1,
        null,
        null,
        null,
        null,
        null,
        null,
        null,
        null,
        null,
        null,
        null,
        null,
        null
      ],
      "/Users/Jacob/Code/TaklGarageFun/config/boot.rb": [
        1,
        null,
        1
      ],
      "/Users/Jacob/Code/TaklGarageFun/config/environments/test.rb": [
        1,
        null,
        null,
        null,
        null,
        null,
        null,
        1,
        null,
        null,
        null,
        null,
        1,
        null,
        null,
        1,
        1,
        null,
        null,
        null,
        null,
        1,
        1,
        null,
        null,
        1,
        null,
        null,
        1,
        1,
        null,
        null,
        null,
        null,
        1,
        null,
        null,
        1,
        null,
        null,
        null,
        null
      ],
      "/Users/Jacob/Code/TaklGarageFun/config/initializers/active_admin.rb": [
        1,
        null,
        null,
        null,
        null,
        null,
        1,
        null,
        null,
        null,
        null,
        null,
        null,
        null,
        null,
        null,
        null,
        null,
        null,
        null,
        null,
        null,
        null,
        null,
        null,
        null,
        null,
        null,
        null,
        null,
        null,
        null,
        null,
        null,
        null,
        null,
        null,
        null,
        null,
        null,
        null,
        null,
        null,
        null,
        null,
        null,
        null,
        null,
        null,
        null,
        null,
        null,
        null,
        null,
        null,
        null,
        1,
        null,
        null,
        null,
        null,
        null,
        null,
        null,
        null,
        null,
        null,
        null,
        null,
        null,
        null,
        null,
        null,
        null,
        null,
        null,
        null,
        null,
        null,
        null,
        null,
        null,
        null,
        null,
        null,
        null,
        null,
        null,
        1,
        null,
        null,
        null,
        null,
        null,
        null,
        null,
        null,
        null,
        null,
        null,
        1,
        null,
        null,
        null,
        null,
        null,
        null,
        null,
        null,
        null,
        null,
        null,
        null,
        null,
        null,
        null,
        null,
        null,
        null,
        null,
        null,
        null,
        null,
        null,
        null,
        null,
        null,
        null,
        null,
        null,
        null,
        null,
        null,
        null,
        null,
        null,
        null,
        null,
        null,
        null,
        1,
        null,
        null,
        null,
        null,
        null,
        null,
        null,
        null,
        null,
        null,
        null,
        null,
        null,
        null,
        1,
        null,
        null,
        null,
        null,
        null,
        null,
        null,
        null,
        null,
        null,
        null,
        null,
        null,
        null,
        null,
        null,
        null,
        null,
        null,
        null,
        null,
        null,
        null,
        null,
        null,
        null,
        null,
        null,
        null,
        null,
        null,
        null,
        null,
        null,
        null,
        null,
        null,
        null,
        null,
        null,
        null,
        null,
        null,
        null,
        null,
        null,
        null,
        null,
        null,
        null,
        null,
        null,
        null,
        null,
        null,
        null,
        null,
        null,
        null,
        null,
        null,
        null,
        null,
        null,
        null,
        null,
        null,
        null,
        null,
        null,
        null,
        null,
        null,
        null,
        null,
        null,
        null,
        null,
        null,
        null,
        null,
        null,
        null,
        null,
        null,
        null,
        null,
        null,
        null,
        null,
        null,
        null,
        null,
        null,
        null,
        null,
        null,
        null,
        null,
        null,
        null,
        null,
        null,
        null,
        null,
        null,
        null,
        null,
        null,
        null,
        null,
        null,
        null,
        null,
        null,
        null,
        null,
        null,
        null,
        null,
        null,
        null,
        null,
        null,
        null,
        null,
        null,
        null,
        null,
        null,
        null,
        null,
        null,
        null,
        null,
        null,
        null
      ],
      "/Users/Jacob/Code/TaklGarageFun/config/initializers/application_controller_renderer.rb": [
        null,
        null,
        null,
        null,
        null,
        null
      ],
      "/Users/Jacob/Code/TaklGarageFun/config/initializers/assets.rb": [
        null,
        null,
        null,
        1,
        null,
        null,
        null,
        null,
        null,
        null,
        null
      ],
      "/Users/Jacob/Code/TaklGarageFun/config/initializers/backtrace_silencers.rb": [
        null,
        null,
        null,
        null,
        null,
        null,
        null
      ],
      "/Users/Jacob/Code/TaklGarageFun/config/initializers/cookies_serializer.rb": [
        null,
        null,
        null,
        null,
        1
      ],
      "/Users/Jacob/Code/TaklGarageFun/config/initializers/devise.rb": [
        null,
        null,
        1,
        null,
        null,
        null,
        null,
        null,
        null,
        null,
        null,
        null,
        null,
        null,
        1,
        null,
        null,
        null,
        null,
        null,
        null,
        null,
        null,
        null,
        null,
        null,
        1,
        null,
        null,
        null,
        null,
        null,
        null,
        null,
        null,
        null,
        null,
        null,
        null,
        null,
        null,
        null,
        null,
        null,
        null,
        null,
        null,
        null,
        1,
        null,
        null,
        null,
        null,
        1,
        null,
        null,
        null,
        null,
        null,
        null,
        null,
        null,
        null,
        null,
        null,
        null,
        null,
        null,
        null,
        null,
        null,
        null,
        null,
        null,
        null,
        null,
        null,
        null,
        null,
        null,
        null,
        null,
        null,
        null,
        1,
        null,
        null,
        null,
        null,
        null,
        null,
        null,
        null,
        null,
        null,
        null,
        null,
        null,
        null,
        null,
        null,
        null,
        null,
        null,
        null,
        null,
        null,
        1,
        null,
        null,
        null,
        null,
        null,
        null,
        null,
        null,
        null,
        null,
        null,
        null,
        null,
        null,
        null,
        null,
        null,
        null,
        null,
        null,
        null,
        null,
        null,
        null,
        null,
        null,
        null,
        1,
        null,
        null,
        null,
        null,
        null,
        null,
        null,
        null,
        null,
        1,
        null,
        null,
        null,
        null,
        null,
        null,
        null,
        null,
        null,
        null,
        1,
        null,
        null,
        null,
        null,
        1,
        null,
        null,
        null,
        null,
        null,
        null,
        null,
        null,
        null,
        null,
        null,
        null,
        null,
        null,
        null,
        null,
        null,
        null,
        null,
        null,
        null,
        null,
        null,
        null,
        null,
        null,
        null,
        null,
        null,
        null,
        null,
        null,
        null,
        null,
        null,
        null,
        null,
        null,
        null,
        null,
        1,
        null,
        null,
        null,
        null,
        null,
        null,
        null,
        null,
        null,
        null,
        null,
        null,
        null,
        null,
        null,
        null,
        null,
        null,
        null,
        null,
        null,
        null,
        null,
        null,
        null,
        null,
        null,
        null,
        null,
        null,
        null,
        null,
        null,
        null,
        null,
        null,
        null,
        null,
        null,
        null,
        null,
        1,
        null,
        null,
        null,
        null,
        null,
        null,
        null,
        null,
        null,
        null,
        null,
        null,
        null,
        null,
        null,
        null,
        null,
        null,
        null,
        null,
        null,
        null,
        null,
        null,
        null,
        null,
        null,
        null,
        null
      ],
      "/Users/Jacob/Code/TaklGarageFun/config/initializers/filter_parameter_logging.rb": [
        null,
        null,
        null,
        1
      ],
      "/Users/Jacob/Code/TaklGarageFun/config/initializers/inflections.rb": [
        null,
        null,
        null,
        null,
        null,
        null,
        null,
        null,
        null,
        null,
        null,
        null,
        null,
        null,
        null,
        null
      ],
      "/Users/Jacob/Code/TaklGarageFun/config/initializers/mime_types.rb": [
        null,
        null,
        null,
        null
      ],
      "/Users/Jacob/Code/TaklGarageFun/config/initializers/new_framework_defaults.rb": [
        null,
        null,
        null,
        null,
        null,
        null,
        null,
        1,
        null,
        null,
        1,
        null,
        null,
        null,
        1,
        null,
        null,
        1,
        null,
        null,
        1,
        null,
        null,
        1
      ],
      "/Users/Jacob/Code/TaklGarageFun/config/initializers/session_store.rb": [
        null,
        null,
        1
      ],
      "/Users/Jacob/Code/TaklGarageFun/config/initializers/wrap_parameters.rb": [
        null,
        null,
        null,
        null,
        null,
        null,
        1,
        2,
        null,
        null,
        null,
        null,
        null,
        null
      ],
      "/Users/Jacob/Code/TaklGarageFun/config/routes.rb": [
        1,
        1,
        1,
        1,
        1,
        null
      ],
      "/Users/Jacob/Code/TaklGarageFun/app/controllers/application_controller.rb": [
        1,
        1,
        1,
        null,
        1,
        null,
        1,
        0,
        0,
        null,
        null,
        null
      ],
      "/Users/Jacob/Code/TaklGarageFun/app/helpers/application_helper.rb": [
        1,
        null
      ],
      "/Users/Jacob/Code/TaklGarageFun/app/models/user.rb": [
        1,
        1,
        null,
        null,
        1,
        null,
        null
      ],
      "/Users/Jacob/Code/TaklGarageFun/app/models/application_record.rb": [
        1,
        1,
        null
      ],
      "/Users/Jacob/Code/TaklGarageFun/app/admin/car.rb": [
        1,
        1,
        1,
        0,
        0,
        null,
        null,
        1,
        0,
        0,
        0,
        0,
        0,
        null,
        null,
        null,
        1,
        0,
        null,
        1,
        0,
        0,
        0,
        0,
        0,
        0,
        0,
        0,
        0,
        0,
        0,
        null,
        null,
        1,
        1,
        1,
        1,
        1,
        1,
        null,
        1,
        0,
        0,
        0,
        0,
        null,
        0,
        0,
        0,
        0,
        0,
        0,
        null,
        null,
        0,
        null,
        null
      ],
      "/Users/Jacob/Code/TaklGarageFun/app/models/car.rb": [
        1,
        1,
        1,
        1,
        1,
        1,
        null
      ],
      "/Users/Jacob/Code/TaklGarageFun/app/admin/car_model.rb": [
        1,
        1,
        null,
        1,
        1,
        1,
        1,
        1,
        1,
        null,
        null,
        1,
        1,
        1,
        null,
        1,
        0,
        0,
        0,
        null,
        0,
        null,
        null
      ],
      "/Users/Jacob/Code/TaklGarageFun/app/models/car_model.rb": [
        1,
        1,
        1,
        1,
        null
      ],
      "/Users/Jacob/Code/TaklGarageFun/app/admin/dashboard.rb": [
        1,
        null,
        11,
        null,
        11,
        5,
        5,
        5,
        5,
        null,
        null,
        null,
        null,
        null,
        null,
        null,
        null,
        null,
        null,
        null,
        null,
        null,
        null,
        null,
        null,
        null,
        null,
        null,
        null,
        null,
        null,
        null,
        null
      ],
      "/Users/Jacob/Code/TaklGarageFun/app/admin/garage.rb": [
        1,
        1,
        1,
        0,
        0,
        0,
        null,
        0,
        null,
        0,
        0,
        null,
        null,
        1,
        0,
        0,
        0,
        0,
        0,
        0,
        0,
        null,
        0,
        null,
        null,
        1,
        null,
        1,
        0,
        0,
        0,
        null,
        0,
        null,
        null
      ],
      "/Users/Jacob/Code/TaklGarageFun/app/models/garage.rb": [
        1,
        1,
        1,
        null
      ],
      "/Users/Jacob/Code/TaklGarageFun/app/admin/manufacturer.rb": [
        1,
        1,
        null,
        1,
        1,
        1,
        1,
        1,
        1,
        null,
        null,
        1,
        1,
        null,
        1,
        0,
        0,
        null,
        0,
        null,
        null
      ],
      "/Users/Jacob/Code/TaklGarageFun/app/models/manufacturer.rb": [
        1,
        1,
        1,
        null,
        1,
        null
      ],
      "/Users/Jacob/Code/TaklGarageFun/app/admin/user.rb": [
        1,
        1,
        null,
        1,
        0,
        0,
        0,
        0,
        0,
        0,
        0,
        0,
        null,
        null,
        1,
        1,
        1,
        1,
        null,
        1,
        0,
        0,
        0,
        0,
        0,
        null,
        0,
        null,
        null,
        null
      ],
      "/Users/Jacob/Code/TaklGarageFun/app/channels/application_cable/channel.rb": [
        1,
        1,
        null,
        null
      ],
      "/Users/Jacob/Code/TaklGarageFun/app/channels/application_cable/connection.rb": [
        1,
        1,
        null,
        null
      ],
      "/Users/Jacob/Code/TaklGarageFun/app/controllers/users_controller.rb": [
        1,
        1,
        null,
        1,
        0,
        null,
        null,
        1,
        0,
        0,
        0,
        null,
        null,
        null,
        null
      ],
      "/Users/Jacob/Code/TaklGarageFun/app/controllers/visitors_controller.rb": [
        1,
        null
      ],
      "/Users/Jacob/Code/TaklGarageFun/app/jobs/application_job.rb": [
        1,
        null
      ],
      "/Users/Jacob/Code/TaklGarageFun/app/mailers/application_mailer.rb": [
        1,
        1,
        1,
        null
      ],
      "/Users/Jacob/Code/TaklGarageFun/app/services/create_admin_service.rb": [
        1,
        1,
        0,
        0,
        0,
        null,
        null,
        null
      ],
      "/Users/Jacob/Code/TaklGarageFun/spec/factories/car.rb": [
        1,
        1,
        1,
        1,
        1,
        1,
        1,
        1,
        null,
        null
      ],
      "/Users/Jacob/Code/TaklGarageFun/spec/factories/car_model.rb": [
        1,
        1,
        1,
        1,
        null,
        null
      ],
      "/Users/Jacob/Code/TaklGarageFun/spec/factories/garage.rb": [
        1,
        1,
        1,
        1,
        null,
        null
      ],
      "/Users/Jacob/Code/TaklGarageFun/spec/factories/manufacturer.rb": [
        1,
        1,
        1,
        null,
        null
      ],
      "/Users/Jacob/Code/TaklGarageFun/spec/factories/user.rb": [
        1,
        1,
        1,
        1,
        1,
        null,
        null
      ],
      "/Users/Jacob/Code/TaklGarageFun/spec/support/capybara.rb": [
        1
      ],
      "/Users/Jacob/Code/TaklGarageFun/spec/support/database_cleaner.rb": [
        1,
        1,
        1,
        null,
        null,
        1,
        32,
        null,
        null,
        1,
        0,
        null,
        null,
        1,
        32,
        null,
        null,
        1,
        32,
        null,
        null
      ],
      "/Users/Jacob/Code/TaklGarageFun/spec/support/devise.rb": [
        1,
        1,
        null
      ],
      "/Users/Jacob/Code/TaklGarageFun/spec/support/helpers/session_helpers.rb": [
        1,
        1,
        1,
        0,
        0,
        0,
        0,
        0,
        null,
        null,
        1,
        0,
        0,
        0,
        0,
        null,
        null,
        null
      ],
      "/Users/Jacob/Code/TaklGarageFun/spec/support/helpers.rb": [
        1,
        1,
        1,
        null
      ],
      "/Users/Jacob/Code/TaklGarageFun/spec/support/with_authentication.rb": [
        1,
        2,
        5,
        null,
        5,
        0,
        0,
        null,
        5,
        null,
        5,
        null,
        null,
        null,
        null,
        1,
        2,
        null
      ],
      "/Users/Jacob/Code/TaklGarageFun/spec/factories_spec.rb": [
        1,
        5,
        5,
        5,
        null,
        null,
        null
      ],
      "/Users/Jacob/Code/TaklGarageFun/spec/models/car_model_spec.rb": [
        1,
        6,
        null,
        2,
        2,
        2,
        null,
        1,
        1,
        1,
        null,
        null,
        1,
        1,
        1,
        null,
        null
      ],
      "/Users/Jacob/Code/TaklGarageFun/spec/models/car_spec.rb": [
        1,
        null,
        9,
        null,
        2,
        2,
        2,
        2,
        2,
        2,
        null,
        1,
        1,
        1,
        null,
        null,
        1,
        1,
        1,
        null,
        null
      ],
      "/Users/Jacob/Code/TaklGarageFun/spec/models/garage_spec.rb": [
        1,
        5,
        null,
        2,
        2,
        2,
        null,
        1,
        1,
        1,
        null,
        null
      ],
      "/Users/Jacob/Code/TaklGarageFun/spec/models/manufacturer_spec.rb": [
        1,
        4,
        null,
        2,
        2,
        null,
        1,
        1,
        1,
        null,
        null
      ],
      "/Users/Jacob/Code/TaklGarageFun/spec/models/user_spec.rb": [
        1,
        3,
        null,
        2,
        2,
        null
      ],
      "/Users/Jacob/Code/TaklGarageFun/spec/requests/admin/car_model_spec.rb": [
        1,
        4,
        null,
        4,
        4,
        null,
        1,
        3,
        null,
        1,
        1,
        1,
        null,
        null,
        1,
        1,
        1,
        null,
        null,
        null,
        1,
        2,
        1,
        1,
        1,
        1,
        null,
        null,
        null
      ],
      "/Users/Jacob/Code/TaklGarageFun/spec/requests/admin/manufacturer_spec.rb": [
        1,
        3,
        null,
        3,
        3,
        null,
        1,
        2,
        null,
        1,
        1,
        1,
        null,
        null,
        null,
        1,
        2,
        null,
        1,
        1,
        1,
        1,
        null,
        null,
        null
      ]
    },
    "timestamp": 1501719203
  }
}
